<?xml version="1.0" encoding="UTF-8"?>
<!-- Generated by org.testng.reporters.JUnitReportReporter -->
<testsuite hostname="DESKTOP-SBRDJJE" failures="0" tests="1" name="rahulshettyacademy.test.ErrorValidation" time="3.162" errors="0" timestamp="2024-05-26T17:01:46 IST" skipped="0">
  <testcase classname="rahulshettyacademy.test.ErrorValidation" name="SubmitOrderTest" time="3.162"/>
</testsuite> <!-- rahulshettyacademy.test.ErrorValidation -->
