<?xml version="1.0" encoding="UTF-8"?>
<!-- Generated by org.testng.reporters.JUnitReportReporter -->
<testsuite hostname="DESKTOP-SBRDJJE" failures="0" tests="2" name="rahulshettyacademy.test.ErrorValidationTest" time="10.269" errors="0" timestamp="2024-06-16T11:31:07 IST" skipped="0">
  <testcase classname="rahulshettyacademy.test.ErrorValidationTest" name="loginErrorValidation" time="2.974"/>
  <testcase classname="rahulshettyacademy.test.ErrorValidationTest" name="productErrorValidation" time="7.295"/>
</testsuite> <!-- rahulshettyacademy.test.ErrorValidationTest -->
