<?xml version="1.0" encoding="UTF-8"?>
<!-- Generated by org.testng.reporters.JUnitReportReporter -->
<testsuite hostname="DESKTOP-SBRDJJE" failures="0" tests="3" name="rahulshettyacademy.test.SubmitOrderTest" time="19.340" errors="0" timestamp="2024-06-16T11:31:07 IST" skipped="0">
  <testcase classname="rahulshettyacademy.test.SubmitOrderTest" name="SubmitOrderTest" time="7.265"/>
  <testcase classname="rahulshettyacademy.test.SubmitOrderTest" name="goToOrderTest" time="4.192"/>
  <testcase classname="rahulshettyacademy.test.SubmitOrderTest" name="SubmitOrderTest" time="7.883"/>
</testsuite> <!-- rahulshettyacademy.test.SubmitOrderTest -->
