<?xml version="1.0" encoding="UTF-8"?>
<!-- Generated by org.testng.reporters.JUnitReportReporter -->
<testsuite hostname="DESKTOP-SBRDJJE" failures="0" tests="1" name="Cucumber.TestNGTestRunner" time="8.698" errors="0" timestamp="2024-06-16T11:38:44 IST" skipped="0">
  <testcase classname="Cucumber.TestNGTestRunner" name="runScenario" time="8.698"/>
</testsuite> <!-- Cucumber.TestNGTestRunner -->
